app/build/outputs/logs/manifest-merger-release-report.txt
-- Merging decision tree log ---
manifest
ADDED from src\main\AndroidManifest.xml:2:1-364:12
	package
		ADDED from src\main\AndroidManifest.xml:4:5-41
		INJECTED from src\main\AndroidManifest.xml
		INJECTED from src\main\AndroidManifest.xml
	android:versionName
		INJECTED from src\main\AndroidManifest.xml
		INJECTED from src\main\AndroidManifest.xml
	xmlns:tools
		ADDED from src\main\AndroidManifest.xml:3:5-51
	xmlns:android
		ADDED from src\main\AndroidManifest.xml:2:11-69
	android:versionCode
		INJECTED from src\main\AndroidManifest.xml
		INJECTED from src\main\AndroidManifest.xml
uses-permission#android.permission.INTERNET
ADDED from src\main\AndroidManifest.xml:6:5-67
MERGED from [com.google.android.gms:play-services-maps:10.2.0] AndroidManifest.xml:20:5-66
	android:name
		ADDED from src\main\AndroidManifest.xml:6:22-64
uses-permission#android.permission.ACCESS_NETWORK_STATE
ADDED from src\main\AndroidManifest.xml:7:5-79
MERGED from [com.google.android.gms:play-services-maps:10.2.0] AndroidManifest.xml:19:5-78
	android:name
		ADDED from src\main\AndroidManifest.xml:7:22-76
uses-feature#android.hardware.camera
ADDED from src\main\AndroidManifest.xml:9:5-11:35
	android:required
		ADDED from src\main\AndroidManifest.xml:11:9-32
	android:name
		ADDED from src\main\AndroidManifest.xml:10:9-47
uses-permission#android.permission.WRITE_EXTERNAL_STORAGE
ADDED from src\main\AndroidManifest.xml:13:5-81
	android:name
		ADDED from src\main\AndroidManifest.xml:13:22-78
uses-permission#android.permission.READ_EXTERNAL_STORAGE
ADDED from src\main\AndroidManifest.xml:14:5-80
	android:name
		ADDED from src\main\AndroidManifest.xml:14:22-77
uses-permission#android.permission.READ_PHONE_STATE
ADDED from src\main\AndroidManifest.xml:15:5-74
	android:name
		ADDED from src\main\AndroidManifest.xml:15:22-72
uses-permission#com.rightclickit.b2bsaleon.permisssion.MAPS_RECEIVE
ADDED from src\main\AndroidManifest.xml:17:5-91
	android:name
		ADDED from src\main\AndroidManifest.xml:17:22-88
uses-permission#com.google.android.providers.gsf.permission.READ_GSERVICES
ADDED from src\main\AndroidManifest.xml:19:5-98
	android:name
		ADDED from src\main\AndroidManifest.xml:19:22-95
uses-permission#android.permission.ACCESS_COARSE_LOCATION
ADDED from src\main\AndroidManifest.xml:20:5-81
	android:name
		ADDED from src\main\AndroidManifest.xml:20:22-78
uses-permission#android.permission.ACCESS_FINE_LOCATION
ADDED from src\main\AndroidManifest.xml:21:5-79
	android:name
		ADDED from src\main\AndroidManifest.xml:21:22-76
uses-permission#android.permission.INSTALL_LOCATION_PROVIDER
ADDED from src\main\AndroidManifest.xml:22:5-23:47
	tools:ignore
		ADDED from src\main\AndroidManifest.xml:23:9-44
	android:name
		ADDED from src\main\AndroidManifest.xml:22:22-81
application
ADDED from src\main\AndroidManifest.xml:25:5-362:19
MERGED from [com.android.support:design:25.3.1] AndroidManifest.xml:29:5-20
MERGED from [com.android.support:transition:25.3.1] AndroidManifest.xml:26:5-20
MERGED from [com.android.support.constraint:constraint-layout:1.0.2] AndroidManifest.xml:9:5-20
MERGED from [com.android.volley:volley:1.0.0] AndroidManifest.xml:9:5-20
MERGED from [com.github.scottyab:showhidepasswordedittext:0.6] AndroidManifest.xml:11:5-12:19
MERGED from [com.google.android.gms:play-services-places:10.2.0] AndroidManifest.xml:18:5-19
MERGED from [com.google.android.gms:play-services-maps:10.2.0] AndroidManifest.xml:24:5-19
MERGED from [com.google.android.gms:play-services-location:10.2.0] AndroidManifest.xml:4:5-19
MERGED from [com.google.android.gms:play-services-base:10.2.0] AndroidManifest.xml:18:5-20:19
MERGED from [com.google.android.gms:play-services-tasks:10.2.0] AndroidManifest.xml:4:5-19
MERGED from [com.google.android.gms:play-services-basement:10.2.0] AndroidManifest.xml:19:5-21:19
MERGED from [uk.co.chrisjenx:calligraphy:2.2.0] AndroidManifest.xml:11:5-20
MERGED from [pub.devrel:easypermissions:0.4.0] AndroidManifest.xml:11:5-17:19
MERGED from [com.android.support:appcompat-v7:25.3.1] AndroidManifest.xml:29:5-20
MERGED from [com.android.support:support-v4:25.3.1] AndroidManifest.xml:29:5-20
MERGED from [com.android.support:support-fragment:25.3.1] AndroidManifest.xml:29:5-20
MERGED from [com.android.support:support-media-compat:25.3.1] AndroidManifest.xml:29:5-20
MERGED from [com.android.support:support-core-ui:25.3.1] AndroidManifest.xml:29:5-20
MERGED from [com.android.support:support-core-utils:25.3.1] AndroidManifest.xml:29:5-20
MERGED from [com.android.support:animated-vector-drawable:25.3.1] AndroidManifest.xml:26:5-20
MERGED from [com.android.support:support-vector-drawable:25.3.1] AndroidManifest.xml:26:5-20
MERGED from [com.android.support:support-compat:25.3.1] AndroidManifest.xml:29:5-20
	android:label
		ADDED from src\main\AndroidManifest.xml:29:9-41
	android:supportsRtl
		ADDED from src\main\AndroidManifest.xml:32:9-35
	android:hardwareAccelerated
		ADDED from src\main\AndroidManifest.xml:27:9-43
	android:roundIcon
		ADDED from src\main\AndroidManifest.xml:31:9-44
	android:allowBackup
		ADDED from src\main\AndroidManifest.xml:26:9-35
	android:icon
		ADDED from src\main\AndroidManifest.xml:28:9-37
	android:largeHeap
		ADDED from src\main\AndroidManifest.xml:30:9-33
	android:theme
		ADDED from src\main\AndroidManifest.xml:33:9-40
meta-data#com.google.android.geo.API_KEY
ADDED from src\main\AndroidManifest.xml:34:9-36:71
	android:value
		ADDED from src\main\AndroidManifest.xml:36:13-68
	android:name
		ADDED from src\main\AndroidManifest.xml:35:13-58
meta-data#com.google.android.gms.version
ADDED from src\main\AndroidManifest.xml:37:9-39:69
MERGED from [com.google.android.gms:play-services-basement:10.2.0] AndroidManifest.xml:20:9-121
	android:value
		ADDED from src\main\AndroidManifest.xml:39:13-66
	android:name
		ADDED from src\main\AndroidManifest.xml:38:13-58
activity#com.rightclickit.b2bsaleon.activities.SplashScreenActivity
ADDED from src\main\AndroidManifest.xml:41:9-51:20
	android:screenOrientation
		ADDED from src\main\AndroidManifest.xml:44:13-49
	android:windowSoftInputMode
		ADDED from src\main\AndroidManifest.xml:45:13-52
	android:configChanges
		ADDED from src\main\AndroidManifest.xml:43:13-74
	android:name
		ADDED from src\main\AndroidManifest.xml:42:13-60
intent-filter#android.intent.action.MAIN+android.intent.category.LAUNCHER
ADDED from src\main\AndroidManifest.xml:46:13-50:29
action#android.intent.action.MAIN
ADDED from src\main\AndroidManifest.xml:47:17-69
	android:name
		ADDED from src\main\AndroidManifest.xml:47:25-66
category#android.intent.category.LAUNCHER
ADDED from src\main\AndroidManifest.xml:49:17-77
	android:name
		ADDED from src\main\AndroidManifest.xml:49:27-74
activity#com.rightclickit.b2bsaleon.activities.LoginActivity
ADDED from src\main\AndroidManifest.xml:52:9-56:55
	android:screenOrientation
		ADDED from src\main\AndroidManifest.xml:55:13-49
	android:windowSoftInputMode
		ADDED from src\main\AndroidManifest.xml:56:13-52
	android:configChanges
		ADDED from src\main\AndroidManifest.xml:54:13-74
	android:name
		ADDED from src\main\AndroidManifest.xml:53:13-53
activity#com.rightclickit.b2bsaleon.activities.DashboardActivity
ADDED from src\main\AndroidManifest.xml:57:9-61:55
	android:screenOrientation
		ADDED from src\main\AndroidManifest.xml:60:13-49
	android:windowSoftInputMode
		ADDED from src\main\AndroidManifest.xml:61:13-52
	android:configChanges
		ADDED from src\main\AndroidManifest.xml:59:13-74
	android:name
		ADDED from src\main\AndroidManifest.xml:58:13-57
activity#com.rightclickit.b2bsaleon.activities.SettingsActivity
ADDED from src\main\AndroidManifest.xml:62:9-65:55
	android:screenOrientation
		ADDED from src\main\AndroidManifest.xml:64:13-49
	android:windowSoftInputMode
		ADDED from src\main\AndroidManifest.xml:65:13-52
	android:name
		ADDED from src\main\AndroidManifest.xml:63:13-56
activity#com.rightclickit.b2bsaleon.activities.NotificationsActivity
ADDED from src\main\AndroidManifest.xml:66:9-69:55
	android:screenOrientation
		ADDED from src\main\AndroidManifest.xml:68:13-49
	android:windowSoftInputMode
		ADDED from src\main\AndroidManifest.xml:69:13-52
	android:name
		ADDED from src\main\AndroidManifest.xml:67:13-61
service#com.rightclickit.b2bsaleon.services.SyncRoutesMasterDetailsService
ADDED from src\main\AndroidManifest.xml:72:9-75:39
	android:enabled
		ADDED from src\main\AndroidManifest.xml:74:13-35
	android:exported
		ADDED from src\main\AndroidManifest.xml:75:13-36
	android:name
		ADDED from src\main\AndroidManifest.xml:73:13-68
service#com.rightclickit.b2bsaleon.services.SyncUserPrivilegesService
ADDED from src\main\AndroidManifest.xml:78:9-81:39
	android:enabled
		ADDED from src\main\AndroidManifest.xml:80:13-35
	android:exported
		ADDED from src\main\AndroidManifest.xml:81:13-36
	android:name
		ADDED from src\main\AndroidManifest.xml:79:13-63
service#com.rightclickit.b2bsaleon.services.SyncTakeOrdersService
ADDED from src\main\AndroidManifest.xml:84:9-87:39
	android:enabled
		ADDED from src\main\AndroidManifest.xml:86:13-35
	android:exported
		ADDED from src\main\AndroidManifest.xml:87:13-36
	android:name
		ADDED from src\main\AndroidManifest.xml:85:13-59
activity#com.rightclickit.b2bsaleon.activities.Products_Activity
ADDED from src\main\AndroidManifest.xml:89:9-92:55
	android:screenOrientation
		ADDED from src\main\AndroidManifest.xml:91:13-49
	android:windowSoftInputMode
		ADDED from src\main\AndroidManifest.xml:92:13-52
	android:name
		ADDED from src\main\AndroidManifest.xml:90:13-57
activity#com.rightclickit.b2bsaleon.activities.AgentsActivity
ADDED from src\main\AndroidManifest.xml:93:9-96:55
	android:screenOrientation
		ADDED from src\main\AndroidManifest.xml:95:13-49
	android:windowSoftInputMode
		ADDED from src\main\AndroidManifest.xml:96:13-52
	android:name
		ADDED from src\main\AndroidManifest.xml:94:13-54
activity#com.rightclickit.b2bsaleon.activities.AgentsInfoActivity
ADDED from src\main\AndroidManifest.xml:97:9-100:55
	android:screenOrientation
		ADDED from src\main\AndroidManifest.xml:99:13-49
	android:windowSoftInputMode
		ADDED from src\main\AndroidManifest.xml:100:13-52
	android:name
		ADDED from src\main\AndroidManifest.xml:98:13-58
activity#com.rightclickit.b2bsaleon.activities.ProductInfoActivity
ADDED from src\main\AndroidManifest.xml:101:9-104:55
	android:screenOrientation
		ADDED from src\main\AndroidManifest.xml:103:13-49
	android:windowSoftInputMode
		ADDED from src\main\AndroidManifest.xml:104:13-52
	android:name
		ADDED from src\main\AndroidManifest.xml:102:13-59
activity#com.rightclickit.b2bsaleon.activities.Agents_AddActivity
ADDED from src\main\AndroidManifest.xml:105:9-108:55
	android:screenOrientation
		ADDED from src\main\AndroidManifest.xml:107:13-49
	android:windowSoftInputMode
		ADDED from src\main\AndroidManifest.xml:108:13-52
	android:name
		ADDED from src\main\AndroidManifest.xml:106:13-58
activity#com.rightclickit.b2bsaleon.activities.AgentTakeOrderScreen
ADDED from src\main\AndroidManifest.xml:109:9-112:55
	android:screenOrientation
		ADDED from src\main\AndroidManifest.xml:111:13-49
	android:windowSoftInputMode
		ADDED from src\main\AndroidManifest.xml:112:13-52
	android:name
		ADDED from src\main\AndroidManifest.xml:110:13-60
activity#com.rightclickit.b2bsaleon.activities.AgentViewActivity
ADDED from src\main\AndroidManifest.xml:113:9-116:55
	android:screenOrientation
		ADDED from src\main\AndroidManifest.xml:115:13-49
	android:windowSoftInputMode
		ADDED from src\main\AndroidManifest.xml:116:13-52
	android:name
		ADDED from src\main\AndroidManifest.xml:114:13-57
activity#com.rightclickit.b2bsaleon.activities.TDCSalesActivity
ADDED from src\main\AndroidManifest.xml:117:9-120:55
	android:screenOrientation
		ADDED from src\main\AndroidManifest.xml:119:13-49
	android:windowSoftInputMode
		ADDED from src\main\AndroidManifest.xml:120:13-52
	android:name
		ADDED from src\main\AndroidManifest.xml:118:13-56
activity#com.rightclickit.b2bsaleon.activities.TripSheetsActivity
ADDED from src\main\AndroidManifest.xml:121:9-124:55
	android:screenOrientation
		ADDED from src\main\AndroidManifest.xml:123:13-49
	android:windowSoftInputMode
		ADDED from src\main\AndroidManifest.xml:124:13-52
	android:name
		ADDED from src\main\AndroidManifest.xml:122:13-58
activity#com.rightclickit.b2bsaleon.activities.TripSheetView
ADDED from src\main\AndroidManifest.xml:125:9-128:55
	android:screenOrientation
		ADDED from src\main\AndroidManifest.xml:127:13-49
	android:windowSoftInputMode
		ADDED from src\main\AndroidManifest.xml:128:13-52
	android:name
		ADDED from src\main\AndroidManifest.xml:126:13-53
activity#com.rightclickit.b2bsaleon.activities.TripSheetStock
ADDED from src\main\AndroidManifest.xml:129:9-132:55
	android:screenOrientation
		ADDED from src\main\AndroidManifest.xml:131:13-49
	android:windowSoftInputMode
		ADDED from src\main\AndroidManifest.xml:132:13-52
	android:name
		ADDED from src\main\AndroidManifest.xml:130:13-54
activity#com.rightclickit.b2bsaleon.activities.TripSheetViewPreview
ADDED from src\main\AndroidManifest.xml:133:9-136:55
	android:screenOrientation
		ADDED from src\main\AndroidManifest.xml:135:13-49
	android:windowSoftInputMode
		ADDED from src\main\AndroidManifest.xml:136:13-52
	android:name
		ADDED from src\main\AndroidManifest.xml:134:13-60
activity#com.rightclickit.b2bsaleon.activities.TripsheetStockPreview
ADDED from src\main\AndroidManifest.xml:137:9-140:55
	android:screenOrientation
		ADDED from src\main\AndroidManifest.xml:139:13-49
	android:windowSoftInputMode
		ADDED from src\main\AndroidManifest.xml:140:13-52
	android:name
		ADDED from src\main\AndroidManifest.xml:138:13-61
activity#com.rightclickit.b2bsaleon.activities.AgentDeliveries
ADDED from src\main\AndroidManifest.xml:141:9-144:55
	android:screenOrientation
		ADDED from src\main\AndroidManifest.xml:143:13-49
	android:windowSoftInputMode
		ADDED from src\main\AndroidManifest.xml:144:13-52
	android:name
		ADDED from src\main\AndroidManifest.xml:142:13-55
activity#com.rightclickit.b2bsaleon.activities.AgentTDC_Order
ADDED from src\main\AndroidManifest.xml:145:9-148:55
	android:screenOrientation
		ADDED from src\main\AndroidManifest.xml:147:13-49
	android:windowSoftInputMode
		ADDED from src\main\AndroidManifest.xml:148:13-52
	android:name
		ADDED from src\main\AndroidManifest.xml:146:13-54
activity#com.rightclickit.b2bsaleon.activities.AgentPayments
ADDED from src\main\AndroidManifest.xml:149:9-152:55
	android:screenOrientation
		ADDED from src\main\AndroidManifest.xml:151:13-49
	android:windowSoftInputMode
		ADDED from src\main\AndroidManifest.xml:152:13-52
	android:name
		ADDED from src\main\AndroidManifest.xml:150:13-53
activity#com.rightclickit.b2bsaleon.activities.AgentReturns
ADDED from src\main\AndroidManifest.xml:153:9-156:55
	android:screenOrientation
		ADDED from src\main\AndroidManifest.xml:155:13-49
	android:windowSoftInputMode
		ADDED from src\main\AndroidManifest.xml:156:13-52
	android:name
		ADDED from src\main\AndroidManifest.xml:154:13-52
activity#com.rightclickit.b2bsaleon.activities.AgentDeliveriesView
ADDED from src\main\AndroidManifest.xml:157:9-160:55
	android:screenOrientation
		ADDED from src\main\AndroidManifest.xml:159:13-49
	android:windowSoftInputMode
		ADDED from src\main\AndroidManifest.xml:160:13-52
	android:name
		ADDED from src\main\AndroidManifest.xml:158:13-59
activity#com.rightclickit.b2bsaleon.activities.ProductStock
ADDED from src\main\AndroidManifest.xml:161:9-164:55
	android:screenOrientation
		ADDED from src\main\AndroidManifest.xml:163:13-49
	android:windowSoftInputMode
		ADDED from src\main\AndroidManifest.xml:164:13-52
	android:name
		ADDED from src\main\AndroidManifest.xml:162:13-52
activity#com.rightclickit.b2bsaleon.activities.AgentPaymentsView
ADDED from src\main\AndroidManifest.xml:165:9-168:55
	android:screenOrientation
		ADDED from src\main\AndroidManifest.xml:167:13-49
	android:windowSoftInputMode
		ADDED from src\main\AndroidManifest.xml:168:13-52
	android:name
		ADDED from src\main\AndroidManifest.xml:166:13-57
activity#com.rightclickit.b2bsaleon.activities.AgentReturnsView
ADDED from src\main\AndroidManifest.xml:169:9-172:55
	android:screenOrientation
		ADDED from src\main\AndroidManifest.xml:171:13-49
	android:windowSoftInputMode
		ADDED from src\main\AndroidManifest.xml:172:13-52
	android:name
		ADDED from src\main\AndroidManifest.xml:170:13-56
activity#com.rightclickit.b2bsaleon.activities.AgentsTDC_View
ADDED from src\main\AndroidManifest.xml:173:9-176:55
	android:screenOrientation
		ADDED from src\main\AndroidManifest.xml:175:13-49
	android:windowSoftInputMode
		ADDED from src\main\AndroidManifest.xml:176:13-52
	android:name
		ADDED from src\main\AndroidManifest.xml:174:13-54
activity#com.rightclickit.b2bsaleon.activities.TDCSalesCustomerSelectionActivity
ADDED from src\main\AndroidManifest.xml:177:9-180:55
	android:screenOrientation
		ADDED from src\main\AndroidManifest.xml:179:13-49
	android:windowSoftInputMode
		ADDED from src\main\AndroidManifest.xml:180:13-52
	android:name
		ADDED from src\main\AndroidManifest.xml:178:13-73
activity#com.rightclickit.b2bsaleon.activities.TDCSales_Preview_PrintActivity
ADDED from src\main\AndroidManifest.xml:181:9-184:55
	android:screenOrientation
		ADDED from src\main\AndroidManifest.xml:183:13-49
	android:windowSoftInputMode
		ADDED from src\main\AndroidManifest.xml:184:13-52
	android:name
		ADDED from src\main\AndroidManifest.xml:182:13-70
activity#com.rightclickit.b2bsaleon.activities.TDCSalesListActivity
ADDED from src\main\AndroidManifest.xml:185:9-188:55
	android:screenOrientation
		ADDED from src\main\AndroidManifest.xml:187:13-49
	android:windowSoftInputMode
		ADDED from src\main\AndroidManifest.xml:188:13-52
	android:name
		ADDED from src\main\AndroidManifest.xml:186:13-60
activity#com.rightclickit.b2bsaleon.activities.DashboardTakeorder
ADDED from src\main\AndroidManifest.xml:189:9-192:55
	android:screenOrientation
		ADDED from src\main\AndroidManifest.xml:191:13-49
	android:windowSoftInputMode
		ADDED from src\main\AndroidManifest.xml:192:13-52
	android:name
		ADDED from src\main\AndroidManifest.xml:190:13-58
activity#com.rightclickit.b2bsaleon.activities.DashboardTakeorderPreview
ADDED from src\main\AndroidManifest.xml:193:9-196:55
	android:screenOrientation
		ADDED from src\main\AndroidManifest.xml:195:13-49
	android:windowSoftInputMode
		ADDED from src\main\AndroidManifest.xml:196:13-52
	android:name
		ADDED from src\main\AndroidManifest.xml:194:13-65
activity#com.rightclickit.b2bsaleon.activities.DashboardDelivery
ADDED from src\main\AndroidManifest.xml:197:9-200:55
	android:screenOrientation
		ADDED from src\main\AndroidManifest.xml:199:13-49
	android:windowSoftInputMode
		ADDED from src\main\AndroidManifest.xml:200:13-52
	android:name
		ADDED from src\main\AndroidManifest.xml:198:13-57
activity#com.rightclickit.b2bsaleon.activities.DashboardReturns
ADDED from src\main\AndroidManifest.xml:201:9-204:55
	android:screenOrientation
		ADDED from src\main\AndroidManifest.xml:203:13-49
	android:windowSoftInputMode
		ADDED from src\main\AndroidManifest.xml:204:13-52
	android:name
		ADDED from src\main\AndroidManifest.xml:202:13-56
activity#com.rightclickit.b2bsaleon.activities.DashboardPayments
ADDED from src\main\AndroidManifest.xml:205:9-208:55
	android:screenOrientation
		ADDED from src\main\AndroidManifest.xml:207:13-49
	android:windowSoftInputMode
		ADDED from src\main\AndroidManifest.xml:208:13-52
	android:name
		ADDED from src\main\AndroidManifest.xml:206:13-57
activity#com.rightclickit.b2bsaleon.activities.DashboardDeliveryPreview
ADDED from src\main\AndroidManifest.xml:209:9-212:55
	android:screenOrientation
		ADDED from src\main\AndroidManifest.xml:211:13-49
	android:windowSoftInputMode
		ADDED from src\main\AndroidManifest.xml:212:13-52
	android:name
		ADDED from src\main\AndroidManifest.xml:210:13-64
activity#com.rightclickit.b2bsaleon.activities.RetailersActivity
ADDED from src\main\AndroidManifest.xml:213:9-216:55
	android:screenOrientation
		ADDED from src\main\AndroidManifest.xml:215:13-49
	android:windowSoftInputMode
		ADDED from src\main\AndroidManifest.xml:216:13-52
	android:name
		ADDED from src\main\AndroidManifest.xml:214:13-57
activity#com.rightclickit.b2bsaleon.activities.Retailers_AddActivity
ADDED from src\main\AndroidManifest.xml:217:9-220:55
	android:screenOrientation
		ADDED from src\main\AndroidManifest.xml:219:13-49
	android:windowSoftInputMode
		ADDED from src\main\AndroidManifest.xml:220:13-52
	android:name
		ADDED from src\main\AndroidManifest.xml:218:13-61
activity#com.rightclickit.b2bsaleon.activities.Retailers_PaymentsActivity
ADDED from src\main\AndroidManifest.xml:221:9-224:55
	android:screenOrientation
		ADDED from src\main\AndroidManifest.xml:223:13-49
	android:windowSoftInputMode
		ADDED from src\main\AndroidManifest.xml:224:13-52
	android:name
		ADDED from src\main\AndroidManifest.xml:222:13-66
activity#com.rightclickit.b2bsaleon.activities.AgentTakeOrderPreview
ADDED from src\main\AndroidManifest.xml:225:9-227:52
	android:screenOrientation
		ADDED from src\main\AndroidManifest.xml:227:13-49
	android:name
		ADDED from src\main\AndroidManifest.xml:226:13-61
activity#com.rightclickit.b2bsaleon.activities.TripsheetTakeorder
ADDED from src\main\AndroidManifest.xml:228:9-231:55
	android:screenOrientation
		ADDED from src\main\AndroidManifest.xml:230:13-49
	android:windowSoftInputMode
		ADDED from src\main\AndroidManifest.xml:231:13-52
	android:name
		ADDED from src\main\AndroidManifest.xml:229:13-58
activity#com.rightclickit.b2bsaleon.activities.TripsheetDelivery
ADDED from src\main\AndroidManifest.xml:232:9-235:55
	android:screenOrientation
		ADDED from src\main\AndroidManifest.xml:234:13-49
	android:windowSoftInputMode
		ADDED from src\main\AndroidManifest.xml:235:13-52
	android:name
		ADDED from src\main\AndroidManifest.xml:233:13-57
activity#com.rightclickit.b2bsaleon.activities.TripsheetTakeorderPreview
ADDED from src\main\AndroidManifest.xml:236:9-238:52
	android:screenOrientation
		ADDED from src\main\AndroidManifest.xml:238:13-49
	android:name
		ADDED from src\main\AndroidManifest.xml:237:13-65
activity#com.rightclickit.b2bsaleon.activities.TripsheetReturns
ADDED from src\main\AndroidManifest.xml:239:9-242:55
	android:screenOrientation
		ADDED from src\main\AndroidManifest.xml:241:13-49
	android:windowSoftInputMode
		ADDED from src\main\AndroidManifest.xml:242:13-52
	android:name
		ADDED from src\main\AndroidManifest.xml:240:13-56
activity#com.rightclickit.b2bsaleon.activities.TripsheetDeliveryPreview
ADDED from src\main\AndroidManifest.xml:243:9-246:55
	android:screenOrientation
		ADDED from src\main\AndroidManifest.xml:245:13-49
	android:windowSoftInputMode
		ADDED from src\main\AndroidManifest.xml:246:13-52
	android:name
		ADDED from src\main\AndroidManifest.xml:244:13-64
activity#com.rightclickit.b2bsaleon.activities.TripsheetPayments
ADDED from src\main\AndroidManifest.xml:247:9-250:55
	android:screenOrientation
		ADDED from src\main\AndroidManifest.xml:249:13-49
	android:windowSoftInputMode
		ADDED from src\main\AndroidManifest.xml:250:13-52
	android:name
		ADDED from src\main\AndroidManifest.xml:248:13-57
activity#com.rightclickit.b2bsaleon.activities.RouteStock
ADDED from src\main\AndroidManifest.xml:251:9-254:55
	android:screenOrientation
		ADDED from src\main\AndroidManifest.xml:253:13-49
	android:windowSoftInputMode
		ADDED from src\main\AndroidManifest.xml:254:13-52
	android:name
		ADDED from src\main\AndroidManifest.xml:252:13-50
activity#com.rightclickit.b2bsaleon.activities.AgentMapFullScreen
ADDED from src\main\AndroidManifest.xml:256:9-258:61
	android:screenOrientation
		ADDED from src\main\AndroidManifest.xml:258:13-49
	android:name
		ADDED from src\main\AndroidManifest.xml:257:13-58
service#com.rightclickit.b2bsaleon.services.SyncSpecialPriceService
ADDED from src\main\AndroidManifest.xml:261:9-264:39
	android:enabled
		ADDED from src\main\AndroidManifest.xml:263:13-35
	android:exported
		ADDED from src\main\AndroidManifest.xml:264:13-36
	android:name
		ADDED from src\main\AndroidManifest.xml:262:13-61
service#com.rightclickit.b2bsaleon.services.SyncTDCSalesOrderService
ADDED from src\main\AndroidManifest.xml:267:9-270:39
	android:enabled
		ADDED from src\main\AndroidManifest.xml:269:13-35
	android:exported
		ADDED from src\main\AndroidManifest.xml:270:13-36
	android:name
		ADDED from src\main\AndroidManifest.xml:268:13-62
service#com.rightclickit.b2bsaleon.services.SyncStakeHolderTypesService
ADDED from src\main\AndroidManifest.xml:273:9-276:39
	android:enabled
		ADDED from src\main\AndroidManifest.xml:275:13-35
	android:exported
		ADDED from src\main\AndroidManifest.xml:276:13-36
	android:name
		ADDED from src\main\AndroidManifest.xml:274:13-65
service#com.rightclickit.b2bsaleon.services.SyncTripSheetsListService
ADDED from src\main\AndroidManifest.xml:279:9-282:39
	android:enabled
		ADDED from src\main\AndroidManifest.xml:281:13-35
	android:exported
		ADDED from src\main\AndroidManifest.xml:282:13-36
	android:name
		ADDED from src\main\AndroidManifest.xml:280:13-63
service#com.rightclickit.b2bsaleon.services.SyncTDCCustomersService
ADDED from src\main\AndroidManifest.xml:285:9-288:39
	android:enabled
		ADDED from src\main\AndroidManifest.xml:287:13-35
	android:exported
		ADDED from src\main\AndroidManifest.xml:288:13-36
	android:name
		ADDED from src\main\AndroidManifest.xml:286:13-61
service#com.rightclickit.b2bsaleon.services.SyncNotificationsListService
ADDED from src\main\AndroidManifest.xml:289:9-292:39
	android:enabled
		ADDED from src\main\AndroidManifest.xml:291:13-35
	android:exported
		ADDED from src\main\AndroidManifest.xml:292:13-36
	android:name
		ADDED from src\main\AndroidManifest.xml:290:13-66
service#com.rightclickit.b2bsaleon.services.SyncTripSheetsStockService
ADDED from src\main\AndroidManifest.xml:295:9-298:39
	android:enabled
		ADDED from src\main\AndroidManifest.xml:297:13-35
	android:exported
		ADDED from src\main\AndroidManifest.xml:298:13-36
	android:name
		ADDED from src\main\AndroidManifest.xml:296:13-64
service#com.rightclickit.b2bsaleon.services.SyncTripSheetsPaymentsService
ADDED from src\main\AndroidManifest.xml:301:9-304:39
	android:enabled
		ADDED from src\main\AndroidManifest.xml:303:13-35
	android:exported
		ADDED from src\main\AndroidManifest.xml:304:13-36
	android:name
		ADDED from src\main\AndroidManifest.xml:302:13-67
service#com.rightclickit.b2bsaleon.services.SyncTripsheetDeliveriesService
ADDED from src\main\AndroidManifest.xml:305:9-308:39
	android:enabled
		ADDED from src\main\AndroidManifest.xml:307:13-35
	android:exported
		ADDED from src\main\AndroidManifest.xml:308:13-36
	android:name
		ADDED from src\main\AndroidManifest.xml:306:13-68
service#com.rightclickit.b2bsaleon.services.SyncTripsheetReturnsService
ADDED from src\main\AndroidManifest.xml:309:9-312:39
	android:enabled
		ADDED from src\main\AndroidManifest.xml:311:13-35
	android:exported
		ADDED from src\main\AndroidManifest.xml:312:13-36
	android:name
		ADDED from src\main\AndroidManifest.xml:310:13-65
activity#com.rightclickit.b2bsaleon.activities.TripsheetReturnsPreview
ADDED from src\main\AndroidManifest.xml:314:9-317:55
	android:screenOrientation
		ADDED from src\main\AndroidManifest.xml:316:13-49
	android:windowSoftInputMode
		ADDED from src\main\AndroidManifest.xml:317:13-52
	android:name
		ADDED from src\main\AndroidManifest.xml:315:13-63
activity#com.rightclickit.b2bsaleon.activities.TripsheetPaymentsPreview
ADDED from src\main\AndroidManifest.xml:318:9-321:55
	android:screenOrientation
		ADDED from src\main\AndroidManifest.xml:320:13-49
	android:windowSoftInputMode
		ADDED from src\main\AndroidManifest.xml:321:13-52
	android:name
		ADDED from src\main\AndroidManifest.xml:319:13-64
activity#com.rightclickit.b2bsaleon.activities.AgentAddPayment
ADDED from src\main\AndroidManifest.xml:322:9-325:55
	android:screenOrientation
		ADDED from src\main\AndroidManifest.xml:324:13-49
	android:windowSoftInputMode
		ADDED from src\main\AndroidManifest.xml:325:13-52
	android:name
		ADDED from src\main\AndroidManifest.xml:323:13-55
activity#com.rightclickit.b2bsaleon.activities.AgentAddPaymentPreview
ADDED from src\main\AndroidManifest.xml:326:9-329:55
	android:screenOrientation
		ADDED from src\main\AndroidManifest.xml:328:13-49
	android:windowSoftInputMode
		ADDED from src\main\AndroidManifest.xml:329:13-52
	android:name
		ADDED from src\main\AndroidManifest.xml:327:13-62
activity#com.rightclickit.b2bsaleon.activities.AgentStockActivity
ADDED from src\main\AndroidManifest.xml:330:9-333:64
	android:screenOrientation
		ADDED from src\main\AndroidManifest.xml:332:13-49
	android:windowSoftInputMode
		ADDED from src\main\AndroidManifest.xml:333:13-52
	android:name
		ADDED from src\main\AndroidManifest.xml:331:13-58
activity#com.rightclickit.b2bsaleon.activities.AgentStockDeliveryActivity
ADDED from src\main\AndroidManifest.xml:334:9-337:64
	android:screenOrientation
		ADDED from src\main\AndroidManifest.xml:336:13-49
	android:windowSoftInputMode
		ADDED from src\main\AndroidManifest.xml:337:13-52
	android:name
		ADDED from src\main\AndroidManifest.xml:335:13-66
service#com.rightclickit.b2bsaleon.services.SyncAgentStockDeliveriesService
ADDED from src\main\AndroidManifest.xml:339:9-342:39
	android:enabled
		ADDED from src\main\AndroidManifest.xml:341:13-35
	android:exported
		ADDED from src\main\AndroidManifest.xml:342:13-36
	android:name
		ADDED from src\main\AndroidManifest.xml:340:13-69
service#com.rightclickit.b2bsaleon.services.SyncCloseTripSheetsStockService
ADDED from src\main\AndroidManifest.xml:344:9-347:39
	android:enabled
		ADDED from src\main\AndroidManifest.xml:346:13-35
	android:exported
		ADDED from src\main\AndroidManifest.xml:347:13-36
	android:name
		ADDED from src\main\AndroidManifest.xml:345:13-69
service#com.rightclickit.b2bsaleon.services.DeviceLocationService
ADDED from src\main\AndroidManifest.xml:349:9-352:39
	android:enabled
		ADDED from src\main\AndroidManifest.xml:351:13-35